{"D:\\Imp Docs\\AdvanceDev\\OpenSourceContributions\\NPMChat\\backend\\controllers\\message.controller.js": {"path":"D:\\Imp Docs\\AdvanceDev\\OpenSourceContributions\\NPMChat\\backend\\controllers\\message.controller.js","statementMap":{"0":{"start":{"line":6,"column":33},"end":{"line":47,"column":1}},"1":{"start":{"line":7,"column":2},"end":{"line":46,"column":3}},"2":{"start":{"line":8,"column":19},"end":{"line":8,"column":31}},"3":{"start":{"line":10,"column":48},"end":{"line":26,"column":6}},"4":{"start":{"line":28,"column":27},"end":{"line":30,"column":5}},"5":{"start":{"line":29,"column":33},"end":{"line":29,"column":46}},"6":{"start":{"line":32,"column":4},"end":{"line":37,"column":6}},"7":{"start":{"line":33,"column":23},"end":{"line":33,"column":37}},"8":{"start":{"line":34,"column":6},"end":{"line":36,"column":7}},"9":{"start":{"line":35,"column":8},"end":{"line":35,"column":40}},"10":{"start":{"line":39,"column":4},"end":{"line":42,"column":6}},"11":{"start":{"line":44,"column":4},"end":{"line":44,"column":60}},"12":{"start":{"line":45,"column":4},"end":{"line":45,"column":63}},"13":{"start":{"line":50,"column":27},"end":{"line":80,"column":1}},"14":{"start":{"line":51,"column":2},"end":{"line":79,"column":3}},"15":{"start":{"line":52,"column":23},"end":{"line":52,"column":33}},"16":{"start":{"line":53,"column":26},"end":{"line":53,"column":38}},"17":{"start":{"line":56,"column":21},"end":{"line":61,"column":29}},"18":{"start":{"line":64,"column":25},"end":{"line":67,"column":5}},"19":{"start":{"line":69,"column":4},"end":{"line":73,"column":5}},"20":{"start":{"line":70,"column":6},"end":{"line":72,"column":8}},"21":{"start":{"line":75,"column":4},"end":{"line":75,"column":34}},"22":{"start":{"line":77,"column":4},"end":{"line":77,"column":52}},"23":{"start":{"line":78,"column":4},"end":{"line":78,"column":63}},"24":{"start":{"line":83,"column":34},"end":{"line":131,"column":1}},"25":{"start":{"line":84,"column":2},"end":{"line":130,"column":3}},"26":{"start":{"line":85,"column":26},"end":{"line":85,"column":36}},"27":{"start":{"line":86,"column":23},"end":{"line":86,"column":35}},"28":{"start":{"line":89,"column":20},"end":{"line":93,"column":6}},"29":{"start":{"line":95,"column":4},"end":{"line":104,"column":5}},"30":{"start":{"line":97,"column":30},"end":{"line":97,"column":83}},"31":{"start":{"line":98,"column":6},"end":{"line":100,"column":7}},"32":{"start":{"line":99,"column":8},"end":{"line":99,"column":52}},"33":{"start":{"line":101,"column":6},"end":{"line":103,"column":64}},"34":{"start":{"line":106,"column":21},"end":{"line":106,"column":37}},"35":{"start":{"line":108,"column":4},"end":{"line":108,"column":23}},"36":{"start":{"line":109,"column":4},"end":{"line":118,"column":5}},"37":{"start":{"line":110,"column":6},"end":{"line":110,"column":26}},"38":{"start":{"line":112,"column":6},"end":{"line":116,"column":7}},"39":{"start":{"line":114,"column":24},"end":{"line":114,"column":59}},"40":{"start":{"line":115,"column":8},"end":{"line":115,"column":44}},"41":{"start":{"line":117,"column":6},"end":{"line":117,"column":19}},"42":{"start":{"line":121,"column":4},"end":{"line":124,"column":6}},"43":{"start":{"line":126,"column":4},"end":{"line":126,"column":33}},"44":{"start":{"line":128,"column":4},"end":{"line":128,"column":58}},"45":{"start":{"line":129,"column":4},"end":{"line":129,"column":63}},"46":{"start":{"line":134,"column":27},"end":{"line":172,"column":1}},"47":{"start":{"line":135,"column":2},"end":{"line":171,"column":3}},"48":{"start":{"line":136,"column":28},"end":{"line":136,"column":36}},"49":{"start":{"line":137,"column":23},"end":{"line":137,"column":44}},"50":{"start":{"line":138,"column":21},"end":{"line":138,"column":33}},"51":{"start":{"line":141,"column":4},"end":{"line":144,"column":5}},"52":{"start":{"line":142,"column":28},"end":{"line":142,"column":67}},"53":{"start":{"line":143,"column":6},"end":{"line":143,"column":41}},"54":{"start":{"line":146,"column":29},"end":{"line":146,"column":67}},"55":{"start":{"line":148,"column":23},"end":{"line":154,"column":6}},"56":{"start":{"line":156,"column":4},"end":{"line":162,"column":5}},"57":{"start":{"line":157,"column":6},"end":{"line":157,"column":65}},"58":{"start":{"line":159,"column":6},"end":{"line":161,"column":8}},"59":{"start":{"line":164,"column":4},"end":{"line":167,"column":6}},"60":{"start":{"line":169,"column":4},"end":{"line":169,"column":50}},"61":{"start":{"line":170,"column":4},"end":{"line":170,"column":63}}},"fnMap":{"0":{"name":"(anonymous_0)","decl":{"start":{"line":6,"column":33},"end":{"line":6,"column":38}},"loc":{"start":{"line":6,"column":53},"end":{"line":47,"column":1}},"line":6},"1":{"name":"(anonymous_1)","decl":{"start":{"line":29,"column":23},"end":{"line":29,"column":24}},"loc":{"start":{"line":29,"column":33},"end":{"line":29,"column":46}},"line":29},"2":{"name":"(anonymous_2)","decl":{"start":{"line":32,"column":32},"end":{"line":32,"column":33}},"loc":{"start":{"line":32,"column":52},"end":{"line":37,"column":5}},"line":32},"3":{"name":"(anonymous_3)","decl":{"start":{"line":50,"column":27},"end":{"line":50,"column":32}},"loc":{"start":{"line":50,"column":47},"end":{"line":80,"column":1}},"line":50},"4":{"name":"(anonymous_4)","decl":{"start":{"line":83,"column":34},"end":{"line":83,"column":39}},"loc":{"start":{"line":83,"column":54},"end":{"line":131,"column":1}},"line":83},"5":{"name":"(anonymous_5)","decl":{"start":{"line":134,"column":27},"end":{"line":134,"column":32}},"loc":{"start":{"line":134,"column":47},"end":{"line":172,"column":1}},"line":134}},"branchMap":{"0":{"loc":{"start":{"line":34,"column":6},"end":{"line":36,"column":7}},"type":"if","locations":[{"start":{"line":34,"column":6},"end":{"line":36,"column":7}},{"start":{},"end":{}}],"line":34},"1":{"loc":{"start":{"line":69,"column":4},"end":{"line":73,"column":5}},"type":"if","locations":[{"start":{"line":69,"column":4},"end":{"line":73,"column":5}},{"start":{},"end":{}}],"line":69},"2":{"loc":{"start":{"line":95,"column":4},"end":{"line":104,"column":5}},"type":"if","locations":[{"start":{"line":95,"column":4},"end":{"line":104,"column":5}},{"start":{},"end":{}}],"line":95},"3":{"loc":{"start":{"line":98,"column":6},"end":{"line":100,"column":7}},"type":"if","locations":[{"start":{"line":98,"column":6},"end":{"line":100,"column":7}},{"start":{},"end":{}}],"line":98},"4":{"loc":{"start":{"line":112,"column":6},"end":{"line":116,"column":7}},"type":"if","locations":[{"start":{"line":112,"column":6},"end":{"line":116,"column":7}},{"start":{},"end":{}}],"line":112},"5":{"loc":{"start":{"line":141,"column":4},"end":{"line":144,"column":5}},"type":"if","locations":[{"start":{"line":141,"column":4},"end":{"line":144,"column":5}},{"start":{},"end":{}}],"line":141},"6":{"loc":{"start":{"line":152,"column":13},"end":{"line":152,"column":27}},"type":"binary-expr","locations":[{"start":{"line":152,"column":13},"end":{"line":152,"column":21}},{"start":{"line":152,"column":25},"end":{"line":152,"column":27}}],"line":152},"7":{"loc":{"start":{"line":156,"column":4},"end":{"line":162,"column":5}},"type":"if","locations":[{"start":{"line":156,"column":4},"end":{"line":162,"column":5}},{"start":{},"end":{}}],"line":156}},"s":{"0":5,"1":1,"2":1,"3":1,"4":1,"5":1,"6":1,"7":0,"8":0,"9":0,"10":1,"11":0,"12":0,"13":5,"14":1,"15":1,"16":1,"17":1,"18":1,"19":1,"20":1,"21":1,"22":0,"23":0,"24":5,"25":2,"26":2,"27":2,"28":2,"29":2,"30":2,"31":2,"32":2,"33":0,"34":0,"35":0,"36":0,"37":0,"38":0,"39":0,"40":0,"41":0,"42":0,"43":0,"44":0,"45":0,"46":5,"47":2,"48":2,"49":2,"50":2,"51":2,"52":1,"53":1,"54":2,"55":2,"56":2,"57":0,"58":0,"59":2,"60":0,"61":0},"f":{"0":1,"1":1,"2":0,"3":1,"4":2,"5":2},"b":{"0":[0,0],"1":[1,0],"2":[2,0],"3":[2,0],"4":[0,0],"5":[1,1],"6":[2,1],"7":[0,2]},"meta":{"lastBranch":8,"lastFunction":6,"lastStatement":62,"seen":{"s:6:33:47:1":0,"f:6:33:6:38":0,"s:7:2:46:3":1,"s:8:19:8:31":2,"s:10:48:26:6":3,"s:28:27:30:5":4,"f:29:23:29:24":1,"s:29:33:29:46":5,"s:32:4:37:6":6,"f:32:32:32:33":2,"s:33:23:33:37":7,"b:34:6:36:7:undefined:undefined:undefined:undefined":0,"s:34:6:36:7":8,"s:35:8:35:40":9,"s:39:4:42:6":10,"s:44:4:44:60":11,"s:45:4:45:63":12,"s:50:27:80:1":13,"f:50:27:50:32":3,"s:51:2:79:3":14,"s:52:23:52:33":15,"s:53:26:53:38":16,"s:56:21:61:29":17,"s:64:25:67:5":18,"b:69:4:73:5:undefined:undefined:undefined:undefined":1,"s:69:4:73:5":19,"s:70:6:72:8":20,"s:75:4:75:34":21,"s:77:4:77:52":22,"s:78:4:78:63":23,"s:83:34:131:1":24,"f:83:34:83:39":4,"s:84:2:130:3":25,"s:85:26:85:36":26,"s:86:23:86:35":27,"s:89:20:93:6":28,"b:95:4:104:5:undefined:undefined:undefined:undefined":2,"s:95:4:104:5":29,"s:97:30:97:83":30,"b:98:6:100:7:undefined:undefined:undefined:undefined":3,"s:98:6:100:7":31,"s:99:8:99:52":32,"s:101:6:103:64":33,"s:106:21:106:37":34,"s:108:4:108:23":35,"s:109:4:118:5":36,"s:110:6:110:26":37,"b:112:6:116:7:undefined:undefined:undefined:undefined":4,"s:112:6:116:7":38,"s:114:24:114:59":39,"s:115:8:115:44":40,"s:117:6:117:19":41,"s:121:4:124:6":42,"s:126:4:126:33":43,"s:128:4:128:58":44,"s:129:4:129:63":45,"s:134:27:172:1":46,"f:134:27:134:32":5,"s:135:2:171:3":47,"s:136:28:136:36":48,"s:137:23:137:44":49,"s:138:21:138:33":50,"b:141:4:144:5:undefined:undefined:undefined:undefined":5,"s:141:4:144:5":51,"s:142:28:142:67":52,"s:143:6:143:41":53,"s:146:29:146:67":54,"s:148:23:154:6":55,"b:152:13:152:21:152:25:152:27":6,"b:156:4:162:5:undefined:undefined:undefined:undefined":7,"s:156:4:162:5":56,"s:157:6:157:65":57,"s:159:6:161:8":58,"s:164:4:167:6":59,"s:169:4:169:50":60,"s:170:4:170:63":61}}}
,"D:\\Imp Docs\\AdvanceDev\\OpenSourceContributions\\NPMChat\\backend\\controllers\\user.controller.js": {"path":"D:\\Imp Docs\\AdvanceDev\\OpenSourceContributions\\NPMChat\\backend\\controllers\\user.controller.js","statementMap":{"0":{"start":{"line":10,"column":17},"end":{"line":10,"column":null}},"1":{"start":{"line":11,"column":2},"end":{"line":11,"column":null}},"2":{"start":{"line":15,"column":21},"end":{"line":15,"column":null}},"3":{"start":{"line":16,"column":18},"end":{"line":16,"column":null}},"4":{"start":{"line":17,"column":2},"end":{"line":17,"column":null}},"5":{"start":{"line":20,"column":22},"end":{"line":86,"column":null}},"6":{"start":{"line":21,"column":66},"end":{"line":21,"column":null}},"7":{"start":{"line":23,"column":2},"end":{"line":85,"column":null}},"8":{"start":{"line":25,"column":4},"end":{"line":29,"column":null}},"9":{"start":{"line":26,"column":6},"end":{"line":28,"column":null}},"10":{"start":{"line":31,"column":4},"end":{"line":45,"column":null}},"11":{"start":{"line":32,"column":6},"end":{"line":36,"column":null}},"12":{"start":{"line":33,"column":8},"end":{"line":35,"column":null}},"13":{"start":{"line":38,"column":22},"end":{"line":38,"column":null}},"14":{"start":{"line":40,"column":6},"end":{"line":44,"column":null}},"15":{"start":{"line":41,"column":8},"end":{"line":43,"column":null}},"16":{"start":{"line":48,"column":25},"end":{"line":48,"column":null}},"17":{"start":{"line":49,"column":4},"end":{"line":51,"column":null}},"18":{"start":{"line":50,"column":6},"end":{"line":50,"column":null}},"19":{"start":{"line":53,"column":17},"end":{"line":53,"column":null}},"20":{"start":{"line":55,"column":27},"end":{"line":55,"column":null}},"21":{"start":{"line":58,"column":20},"end":{"line":64,"column":null}},"22":{"start":{"line":66,"column":4},"end":{"line":66,"column":null}},"23":{"start":{"line":69,"column":10},"end":{"line":69,"column":null}},"24":{"start":{"line":71,"column":4},"end":{"line":81,"column":null}},"25":{"start":{"line":83,"column":4},"end":{"line":83,"column":null}},"26":{"start":{"line":84,"column":4},"end":{"line":84,"column":null}},"27":{"start":{"line":88,"column":21},"end":{"line":145,"column":null}},"28":{"start":{"line":89,"column":44},"end":{"line":89,"column":null}},"29":{"start":{"line":91,"column":2},"end":{"line":144,"column":null}},"30":{"start":{"line":93,"column":4},"end":{"line":97,"column":null}},"31":{"start":{"line":94,"column":6},"end":{"line":96,"column":null}},"32":{"start":{"line":99,"column":4},"end":{"line":113,"column":null}},"33":{"start":{"line":100,"column":6},"end":{"line":104,"column":null}},"34":{"start":{"line":101,"column":8},"end":{"line":103,"column":null}},"35":{"start":{"line":106,"column":22},"end":{"line":106,"column":null}},"36":{"start":{"line":108,"column":6},"end":{"line":112,"column":null}},"37":{"start":{"line":109,"column":8},"end":{"line":111,"column":null}},"38":{"start":{"line":116,"column":17},"end":{"line":116,"column":null}},"39":{"start":{"line":117,"column":4},"end":{"line":119,"column":null}},"40":{"start":{"line":118,"column":6},"end":{"line":118,"column":null}},"41":{"start":{"line":122,"column":20},"end":{"line":122,"column":null}},"42":{"start":{"line":123,"column":4},"end":{"line":125,"column":null}},"43":{"start":{"line":124,"column":6},"end":{"line":124,"column":null}},"44":{"start":{"line":128,"column":10},"end":{"line":128,"column":null}},"45":{"start":{"line":130,"column":4},"end":{"line":140,"column":null}},"46":{"start":{"line":142,"column":4},"end":{"line":142,"column":null}},"47":{"start":{"line":143,"column":4},"end":{"line":143,"column":null}},"48":{"start":{"line":147,"column":13},"end":{"line":166,"column":null}},"49":{"start":{"line":148,"column":2},"end":{"line":165,"column":null}},"50":{"start":{"line":149,"column":4},"end":{"line":151,"column":null}},"51":{"start":{"line":150,"column":6},"end":{"line":150,"column":null}},"52":{"start":{"line":153,"column":4},"end":{"line":161,"column":null}},"53":{"start":{"line":163,"column":4},"end":{"line":163,"column":null}},"54":{"start":{"line":164,"column":4},"end":{"line":164,"column":null}},"55":{"start":{"line":168,"column":30},"end":{"line":211,"column":null}},"56":{"start":{"line":169,"column":34},"end":{"line":169,"column":null}},"57":{"start":{"line":171,"column":2},"end":{"line":210,"column":null}},"58":{"start":{"line":172,"column":4},"end":{"line":181,"column":null}},"59":{"start":{"line":173,"column":6},"end":{"line":175,"column":null}},"60":{"start":{"line":174,"column":8},"end":{"line":174,"column":null}},"61":{"start":{"line":177,"column":22},"end":{"line":177,"column":null}},"62":{"start":{"line":178,"column":6},"end":{"line":180,"column":null}},"63":{"start":{"line":179,"column":8},"end":{"line":179,"column":null}},"64":{"start":{"line":183,"column":17},"end":{"line":183,"column":null}},"65":{"start":{"line":186,"column":4},"end":{"line":190,"column":null}},"66":{"start":{"line":187,"column":6},"end":{"line":189,"column":null}},"67":{"start":{"line":192,"column":21},"end":{"line":192,"column":null}},"68":{"start":{"line":193,"column":22},"end":{"line":193,"column":null}},"69":{"start":{"line":195,"column":4},"end":{"line":195,"column":null}},"70":{"start":{"line":196,"column":4},"end":{"line":196,"column":null}},"71":{"start":{"line":197,"column":4},"end":{"line":197,"column":null}},"72":{"start":{"line":198,"column":4},"end":{"line":198,"column":null}},"73":{"start":{"line":200,"column":20},"end":{"line":200,"column":null}},"74":{"start":{"line":201,"column":21},"end":{"line":201,"column":null}},"75":{"start":{"line":202,"column":4},"end":{"line":202,"column":null}},"76":{"start":{"line":204,"column":4},"end":{"line":206,"column":null}},"77":{"start":{"line":208,"column":4},"end":{"line":208,"column":null}},"78":{"start":{"line":209,"column":4},"end":{"line":209,"column":null}},"79":{"start":{"line":213,"column":29},"end":{"line":243,"column":null}},"80":{"start":{"line":214,"column":30},"end":{"line":214,"column":null}},"81":{"start":{"line":216,"column":2},"end":{"line":242,"column":null}},"82":{"start":{"line":217,"column":22},"end":{"line":217,"column":null}},"83":{"start":{"line":218,"column":16},"end":{"line":218,"column":null}},"84":{"start":{"line":220,"column":17},"end":{"line":224,"column":null}},"85":{"start":{"line":226,"column":4},"end":{"line":228,"column":null}},"86":{"start":{"line":227,"column":6},"end":{"line":227,"column":null}},"87":{"start":{"line":230,"column":17},"end":{"line":230,"column":null}},"88":{"start":{"line":231,"column":27},"end":{"line":231,"column":null}},"89":{"start":{"line":232,"column":4},"end":{"line":232,"column":null}},"90":{"start":{"line":233,"column":4},"end":{"line":233,"column":null}},"91":{"start":{"line":234,"column":4},"end":{"line":234,"column":null}},"92":{"start":{"line":235,"column":4},"end":{"line":235,"column":null}},"93":{"start":{"line":236,"column":4},"end":{"line":236,"column":null}},"94":{"start":{"line":238,"column":4},"end":{"line":238,"column":null}},"95":{"start":{"line":240,"column":4},"end":{"line":240,"column":null}},"96":{"start":{"line":241,"column":4},"end":{"line":241,"column":null}},"97":{"start":{"line":246,"column":29},"end":{"line":282,"column":null}},"98":{"start":{"line":247,"column":35},"end":{"line":247,"column":null}},"99":{"start":{"line":248,"column":17},"end":{"line":248,"column":null}},"100":{"start":{"line":251,"column":2},"end":{"line":281,"column":null}},"101":{"start":{"line":252,"column":4},"end":{"line":266,"column":null}},"102":{"start":{"line":253,"column":6},"end":{"line":257,"column":null}},"103":{"start":{"line":259,"column":28},"end":{"line":259,"column":null}},"104":{"start":{"line":261,"column":6},"end":{"line":265,"column":null}},"105":{"start":{"line":268,"column":4},"end":{"line":277,"column":null}},"106":{"start":{"line":279,"column":4},"end":{"line":279,"column":null}},"107":{"start":{"line":280,"column":4},"end":{"line":280,"column":null}}},"fnMap":{"0":{"name":"hashResetToken","decl":{"start":{"line":9,"column":9},"end":{"line":9,"column":24}},"loc":{"start":{"line":9,"column":31},"end":{"line":12,"column":null}},"line":9},"1":{"name":"resetTokenExpiryDate","decl":{"start":{"line":14,"column":9},"end":{"line":14,"column":32}},"loc":{"start":{"line":14,"column":32},"end":{"line":18,"column":null}},"line":14},"2":{"name":"(anonymous_2)","decl":{"start":{"line":20,"column":22},"end":{"line":20,"column":29}},"loc":{"start":{"line":20,"column":42},"end":{"line":86,"column":null}},"line":20},"3":{"name":"(anonymous_3)","decl":{"start":{"line":88,"column":21},"end":{"line":88,"column":28}},"loc":{"start":{"line":88,"column":41},"end":{"line":145,"column":null}},"line":88},"4":{"name":"(anonymous_4)","decl":{"start":{"line":147,"column":13},"end":{"line":147,"column":26}},"loc":{"start":{"line":147,"column":39},"end":{"line":166,"column":null}},"line":147},"5":{"name":"(anonymous_5)","decl":{"start":{"line":168,"column":30},"end":{"line":168,"column":37}},"loc":{"start":{"line":168,"column":50},"end":{"line":211,"column":null}},"line":168},"6":{"name":"(anonymous_6)","decl":{"start":{"line":213,"column":29},"end":{"line":213,"column":36}},"loc":{"start":{"line":213,"column":49},"end":{"line":243,"column":null}},"line":213},"7":{"name":"(anonymous_7)","decl":{"start":{"line":246,"column":29},"end":{"line":246,"column":36}},"loc":{"start":{"line":246,"column":49},"end":{"line":282,"column":null}},"line":246}},"branchMap":{"0":{"loc":{"start":{"line":10,"column":17},"end":{"line":10,"column":null}},"type":"binary-expr","locations":[{"start":{"line":10,"column":17},"end":{"line":10,"column":51}},{"start":{"line":10,"column":51},"end":{"line":10,"column":null}}],"line":10},"1":{"loc":{"start":{"line":15,"column":28},"end":{"line":15,"column":69}},"type":"binary-expr","locations":[{"start":{"line":15,"column":28},"end":{"line":15,"column":67}},{"start":{"line":15,"column":67},"end":{"line":15,"column":69}}],"line":15},"2":{"loc":{"start":{"line":16,"column":18},"end":{"line":16,"column":null}},"type":"cond-expr","locations":[{"start":{"line":16,"column":66},"end":{"line":16,"column":79}},{"start":{"line":16,"column":79},"end":{"line":16,"column":null}}],"line":16},"3":{"loc":{"start":{"line":16,"column":18},"end":{"line":16,"column":66}},"type":"binary-expr","locations":[{"start":{"line":16,"column":18},"end":{"line":16,"column":49}},{"start":{"line":16,"column":49},"end":{"line":16,"column":66}}],"line":16},"4":{"loc":{"start":{"line":25,"column":4},"end":{"line":29,"column":null}},"type":"if","locations":[{"start":{"line":25,"column":4},"end":{"line":29,"column":null}},{"start":{},"end":{}}],"line":25},"5":{"loc":{"start":{"line":25,"column":8},"end":{"line":25,"column":38}},"type":"binary-expr","locations":[{"start":{"line":25,"column":8},"end":{"line":25,"column":18}},{"start":{"line":25,"column":18},"end":{"line":25,"column":31}},{"start":{"line":25,"column":31},"end":{"line":25,"column":38}}],"line":25},"6":{"loc":{"start":{"line":31,"column":4},"end":{"line":45,"column":null}},"type":"if","locations":[{"start":{"line":31,"column":4},"end":{"line":45,"column":null}},{"start":{},"end":{}}],"line":31},"7":{"loc":{"start":{"line":32,"column":6},"end":{"line":36,"column":null}},"type":"if","locations":[{"start":{"line":32,"column":6},"end":{"line":36,"column":null}},{"start":{},"end":{}}],"line":32},"8":{"loc":{"start":{"line":40,"column":6},"end":{"line":44,"column":null}},"type":"if","locations":[{"start":{"line":40,"column":6},"end":{"line":44,"column":null}},{"start":{},"end":{}}],"line":40},"9":{"loc":{"start":{"line":49,"column":4},"end":{"line":51,"column":null}},"type":"if","locations":[{"start":{"line":49,"column":4},"end":{"line":51,"column":null}},{"start":{},"end":{}}],"line":49},"10":{"loc":{"start":{"line":62,"column":17},"end":{"line":62,"column":null}},"type":"binary-expr","locations":[{"start":{"line":62,"column":17},"end":{"line":62,"column":30}},{"start":{"line":62,"column":30},"end":{"line":62,"column":null}}],"line":62},"11":{"loc":{"start":{"line":63,"column":11},"end":{"line":63,"column":null}},"type":"binary-expr","locations":[{"start":{"line":63,"column":11},"end":{"line":63,"column":18}},{"start":{"line":63,"column":18},"end":{"line":63,"column":null}}],"line":63},"12":{"loc":{"start":{"line":93,"column":4},"end":{"line":97,"column":null}},"type":"if","locations":[{"start":{"line":93,"column":4},"end":{"line":97,"column":null}},{"start":{},"end":{}}],"line":93},"13":{"loc":{"start":{"line":93,"column":8},"end":{"line":93,"column":29}},"type":"binary-expr","locations":[{"start":{"line":93,"column":8},"end":{"line":93,"column":18}},{"start":{"line":93,"column":18},"end":{"line":93,"column":29}}],"line":93},"14":{"loc":{"start":{"line":99,"column":4},"end":{"line":113,"column":null}},"type":"if","locations":[{"start":{"line":99,"column":4},"end":{"line":113,"column":null}},{"start":{},"end":{}}],"line":99},"15":{"loc":{"start":{"line":100,"column":6},"end":{"line":104,"column":null}},"type":"if","locations":[{"start":{"line":100,"column":6},"end":{"line":104,"column":null}},{"start":{},"end":{}}],"line":100},"16":{"loc":{"start":{"line":108,"column":6},"end":{"line":112,"column":null}},"type":"if","locations":[{"start":{"line":108,"column":6},"end":{"line":112,"column":null}},{"start":{},"end":{}}],"line":108},"17":{"loc":{"start":{"line":117,"column":4},"end":{"line":119,"column":null}},"type":"if","locations":[{"start":{"line":117,"column":4},"end":{"line":119,"column":null}},{"start":{},"end":{}}],"line":117},"18":{"loc":{"start":{"line":123,"column":4},"end":{"line":125,"column":null}},"type":"if","locations":[{"start":{"line":123,"column":4},"end":{"line":125,"column":null}},{"start":{},"end":{}}],"line":123},"19":{"loc":{"start":{"line":149,"column":4},"end":{"line":151,"column":null}},"type":"if","locations":[{"start":{"line":149,"column":4},"end":{"line":151,"column":null}},{"start":{},"end":{}}],"line":149},"20":{"loc":{"start":{"line":172,"column":4},"end":{"line":181,"column":null}},"type":"if","locations":[{"start":{"line":172,"column":4},"end":{"line":181,"column":null}},{"start":{},"end":{}}],"line":172},"21":{"loc":{"start":{"line":173,"column":6},"end":{"line":175,"column":null}},"type":"if","locations":[{"start":{"line":173,"column":6},"end":{"line":175,"column":null}},{"start":{},"end":{}}],"line":173},"22":{"loc":{"start":{"line":178,"column":6},"end":{"line":180,"column":null}},"type":"if","locations":[{"start":{"line":178,"column":6},"end":{"line":180,"column":null}},{"start":{},"end":{}}],"line":178},"23":{"loc":{"start":{"line":186,"column":4},"end":{"line":190,"column":null}},"type":"if","locations":[{"start":{"line":186,"column":4},"end":{"line":190,"column":null}},{"start":{},"end":{}}],"line":186},"24":{"loc":{"start":{"line":200,"column":20},"end":{"line":200,"column":null}},"type":"binary-expr","locations":[{"start":{"line":200,"column":20},"end":{"line":200,"column":46}},{"start":{"line":200,"column":46},"end":{"line":200,"column":null}}],"line":200},"25":{"loc":{"start":{"line":226,"column":4},"end":{"line":228,"column":null}},"type":"if","locations":[{"start":{"line":226,"column":4},"end":{"line":228,"column":null}},{"start":{},"end":{}}],"line":226},"26":{"loc":{"start":{"line":252,"column":4},"end":{"line":266,"column":null}},"type":"if","locations":[{"start":{"line":252,"column":4},"end":{"line":266,"column":null}},{"start":{"line":258,"column":11},"end":{"line":266,"column":null}}],"line":252}},"s":{"0":3,"1":3,"2":1,"3":1,"4":1,"5":5,"6":8,"7":8,"8":8,"9":0,"10":8,"11":0,"12":0,"13":0,"14":0,"15":0,"16":8,"17":8,"18":1,"19":7,"20":7,"21":7,"22":8,"23":7,"24":7,"25":0,"26":0,"27":5,"28":2,"29":2,"30":2,"31":0,"32":2,"33":0,"34":0,"35":0,"36":0,"37":0,"38":2,"39":2,"40":0,"41":2,"42":2,"43":1,"44":1,"45":1,"46":0,"47":0,"48":5,"49":1,"50":1,"51":0,"52":1,"53":0,"54":0,"55":5,"56":1,"57":1,"58":1,"59":0,"60":0,"61":0,"62":0,"63":0,"64":1,"65":1,"66":0,"67":1,"68":1,"69":1,"70":1,"71":1,"72":1,"73":1,"74":1,"75":1,"76":1,"77":0,"78":0,"79":5,"80":2,"81":2,"82":2,"83":2,"84":2,"85":2,"86":1,"87":1,"88":1,"89":1,"90":1,"91":1,"92":1,"93":1,"94":1,"95":0,"96":0,"97":5,"98":2,"99":2,"100":2,"101":2,"102":1,"103":1,"104":1,"105":2,"106":0,"107":0},"f":{"0":3,"1":1,"2":8,"3":2,"4":1,"5":1,"6":2,"7":2},"b":{"0":[3,3],"1":[1,1],"2":[1,0],"3":[1,1],"4":[0,8],"5":[8,8,8],"6":[0,8],"7":[0,0],"8":[0,0],"9":[1,7],"10":[7,7],"11":[8,7],"12":[0,2],"13":[2,2],"14":[0,2],"15":[0,0],"16":[0,0],"17":[0,2],"18":[1,1],"19":[0,1],"20":[0,1],"21":[0,0],"22":[0,0],"23":[0,1],"24":[1,1],"25":[1,1],"26":[1,1]},"meta":{"lastBranch":27,"lastFunction":8,"lastStatement":108,"seen":{"f:9:9:9:24":0,"s:10:17:10:Infinity":0,"b:10:17:10:51:10:51:10:Infinity":0,"s:11:2:11:Infinity":1,"f:14:9:14:32":1,"s:15:21:15:Infinity":2,"b:15:28:15:67:15:67:15:69":1,"s:16:18:16:Infinity":3,"b:16:66:16:79:16:79:16:Infinity":2,"b:16:18:16:49:16:49:16:66":3,"s:17:2:17:Infinity":4,"s:20:22:86:Infinity":5,"f:20:22:20:29":2,"s:21:66:21:Infinity":6,"s:23:2:85:Infinity":7,"b:25:4:29:Infinity:undefined:undefined:undefined:undefined":4,"s:25:4:29:Infinity":8,"b:25:8:25:18:25:18:25:31:25:31:25:38":5,"s:26:6:28:Infinity":9,"b:31:4:45:Infinity:undefined:undefined:undefined:undefined":6,"s:31:4:45:Infinity":10,"b:32:6:36:Infinity:undefined:undefined:undefined:undefined":7,"s:32:6:36:Infinity":11,"s:33:8:35:Infinity":12,"s:38:22:38:Infinity":13,"b:40:6:44:Infinity:undefined:undefined:undefined:undefined":8,"s:40:6:44:Infinity":14,"s:41:8:43:Infinity":15,"s:48:25:48:Infinity":16,"b:49:4:51:Infinity:undefined:undefined:undefined:undefined":9,"s:49:4:51:Infinity":17,"s:50:6:50:Infinity":18,"s:53:17:53:Infinity":19,"s:55:27:55:Infinity":20,"s:58:20:64:Infinity":21,"b:62:17:62:30:62:30:62:Infinity":10,"b:63:11:63:18:63:18:63:Infinity":11,"s:66:4:66:Infinity":22,"s:69:10:69:Infinity":23,"s:71:4:81:Infinity":24,"s:83:4:83:Infinity":25,"s:84:4:84:Infinity":26,"s:88:21:145:Infinity":27,"f:88:21:88:28":3,"s:89:44:89:Infinity":28,"s:91:2:144:Infinity":29,"b:93:4:97:Infinity:undefined:undefined:undefined:undefined":12,"s:93:4:97:Infinity":30,"b:93:8:93:18:93:18:93:29":13,"s:94:6:96:Infinity":31,"b:99:4:113:Infinity:undefined:undefined:undefined:undefined":14,"s:99:4:113:Infinity":32,"b:100:6:104:Infinity:undefined:undefined:undefined:undefined":15,"s:100:6:104:Infinity":33,"s:101:8:103:Infinity":34,"s:106:22:106:Infinity":35,"b:108:6:112:Infinity:undefined:undefined:undefined:undefined":16,"s:108:6:112:Infinity":36,"s:109:8:111:Infinity":37,"s:116:17:116:Infinity":38,"b:117:4:119:Infinity:undefined:undefined:undefined:undefined":17,"s:117:4:119:Infinity":39,"s:118:6:118:Infinity":40,"s:122:20:122:Infinity":41,"b:123:4:125:Infinity:undefined:undefined:undefined:undefined":18,"s:123:4:125:Infinity":42,"s:124:6:124:Infinity":43,"s:128:10:128:Infinity":44,"s:130:4:140:Infinity":45,"s:142:4:142:Infinity":46,"s:143:4:143:Infinity":47,"s:147:13:166:Infinity":48,"f:147:13:147:26":4,"s:148:2:165:Infinity":49,"b:149:4:151:Infinity:undefined:undefined:undefined:undefined":19,"s:149:4:151:Infinity":50,"s:150:6:150:Infinity":51,"s:153:4:161:Infinity":52,"s:163:4:163:Infinity":53,"s:164:4:164:Infinity":54,"s:168:30:211:Infinity":55,"f:168:30:168:37":5,"s:169:34:169:Infinity":56,"s:171:2:210:Infinity":57,"b:172:4:181:Infinity:undefined:undefined:undefined:undefined":20,"s:172:4:181:Infinity":58,"b:173:6:175:Infinity:undefined:undefined:undefined:undefined":21,"s:173:6:175:Infinity":59,"s:174:8:174:Infinity":60,"s:177:22:177:Infinity":61,"b:178:6:180:Infinity:undefined:undefined:undefined:undefined":22,"s:178:6:180:Infinity":62,"s:179:8:179:Infinity":63,"s:183:17:183:Infinity":64,"b:186:4:190:Infinity:undefined:undefined:undefined:undefined":23,"s:186:4:190:Infinity":65,"s:187:6:189:Infinity":66,"s:192:21:192:Infinity":67,"s:193:22:193:Infinity":68,"s:195:4:195:Infinity":69,"s:196:4:196:Infinity":70,"s:197:4:197:Infinity":71,"s:198:4:198:Infinity":72,"s:200:20:200:Infinity":73,"b:200:20:200:46:200:46:200:Infinity":24,"s:201:21:201:Infinity":74,"s:202:4:202:Infinity":75,"s:204:4:206:Infinity":76,"s:208:4:208:Infinity":77,"s:209:4:209:Infinity":78,"s:213:29:243:Infinity":79,"f:213:29:213:36":6,"s:214:30:214:Infinity":80,"s:216:2:242:Infinity":81,"s:217:22:217:Infinity":82,"s:218:16:218:Infinity":83,"s:220:17:224:Infinity":84,"b:226:4:228:Infinity:undefined:undefined:undefined:undefined":25,"s:226:4:228:Infinity":85,"s:227:6:227:Infinity":86,"s:230:17:230:Infinity":87,"s:231:27:231:Infinity":88,"s:232:4:232:Infinity":89,"s:233:4:233:Infinity":90,"s:234:4:234:Infinity":91,"s:235:4:235:Infinity":92,"s:236:4:236:Infinity":93,"s:238:4:238:Infinity":94,"s:240:4:240:Infinity":95,"s:241:4:241:Infinity":96,"s:246:29:282:Infinity":97,"f:246:29:246:36":7,"s:247:35:247:Infinity":98,"s:248:17:248:Infinity":99,"s:251:2:281:Infinity":100,"b:252:4:266:Infinity:258:11:266:Infinity":26,"s:252:4:266:Infinity":101,"s:253:6:257:Infinity":102,"s:259:28:259:Infinity":103,"s:261:6:265:Infinity":104,"s:268:4:277:Infinity":105,"s:279:4:279:Infinity":106,"s:280:4:280:Infinity":107}}}
,"D:\\Imp Docs\\AdvanceDev\\OpenSourceContributions\\NPMChat\\backend\\lib\\db.js": {"path":"D:\\Imp Docs\\AdvanceDev\\OpenSourceContributions\\NPMChat\\backend\\lib\\db.js","statementMap":{"0":{"start":{"line":3,"column":25},"end":{"line":14,"column":null}},"1":{"start":{"line":4,"column":2},"end":{"line":13,"column":null}},"2":{"start":{"line":5,"column":4},"end":{"line":5,"column":null}},"3":{"start":{"line":7,"column":4},"end":{"line":7,"column":null}},"4":{"start":{"line":9,"column":4},"end":{"line":9,"column":null}},"5":{"start":{"line":10,"column":4},"end":{"line":12,"column":null}},"6":{"start":{"line":11,"column":6},"end":{"line":11,"column":null}}},"fnMap":{"0":{"name":"(anonymous_0)","decl":{"start":{"line":3,"column":25},"end":{"line":3,"column":37}},"loc":{"start":{"line":3,"column":37},"end":{"line":14,"column":null}},"line":3}},"branchMap":{"0":{"loc":{"start":{"line":10,"column":4},"end":{"line":12,"column":null}},"type":"if","locations":[{"start":{"line":10,"column":4},"end":{"line":12,"column":null}},{"start":{},"end":{}}],"line":10},"1":{"loc":{"start":{"line":10,"column":4},"end":{"line":10,"column":70}},"type":"binary-expr","locations":[{"start":{"line":10,"column":4},"end":{"line":10,"column":43}},{"start":{"line":10,"column":43},"end":{"line":10,"column":70}}],"line":10}},"s":{"0":6,"1":2,"2":2,"3":1,"4":1,"5":1,"6":0},"f":{"0":2},"b":{"0":[0,1],"1":[1,0]},"meta":{"lastBranch":2,"lastFunction":1,"lastStatement":7,"seen":{"s:3:25:14:Infinity":0,"f:3:25:3:37":0,"s:4:2:13:Infinity":1,"s:5:4:5:Infinity":2,"s:7:4:7:Infinity":3,"s:9:4:9:Infinity":4,"b:10:4:12:Infinity:undefined:undefined:undefined:undefined":0,"s:10:4:12:Infinity":5,"b:10:4:10:43:10:43:10:70":1,"s:11:6:11:Infinity":6}}}
,"D:\\Imp Docs\\AdvanceDev\\OpenSourceContributions\\NPMChat\\backend\\lib\\mailer.js": {"path":"D:\\Imp Docs\\AdvanceDev\\OpenSourceContributions\\NPMChat\\backend\\lib\\mailer.js","statementMap":{"0":{"start":{"line":4,"column":2},"end":{"line":4,"column":null}},"1":{"start":{"line":8,"column":2},"end":{"line":8,"column":null}},"2":{"start":{"line":8,"column":27},"end":{"line":8,"column":null}},"3":{"start":{"line":10,"column":2},"end":{"line":18,"column":null}},"4":{"start":{"line":22,"column":22},"end":{"line":22,"column":null}},"5":{"start":{"line":24,"column":2},"end":{"line":29,"column":null}},"6":{"start":{"line":25,"column":4},"end":{"line":27,"column":null}},"7":{"start":{"line":26,"column":6},"end":{"line":26,"column":null}},"8":{"start":{"line":28,"column":4},"end":{"line":28,"column":null}},"9":{"start":{"line":31,"column":15},"end":{"line":31,"column":null}},"10":{"start":{"line":32,"column":2},"end":{"line":38,"column":null}}},"fnMap":{"0":{"name":"missingSmtpConfig","decl":{"start":{"line":3,"column":9},"end":{"line":3,"column":29}},"loc":{"start":{"line":3,"column":29},"end":{"line":5,"column":null}},"line":3},"1":{"name":"createTransporter","decl":{"start":{"line":7,"column":16},"end":{"line":7,"column":36}},"loc":{"start":{"line":7,"column":36},"end":{"line":19,"column":null}},"line":7},"2":{"name":"sendPasswordResetEmail","decl":{"start":{"line":21,"column":22},"end":{"line":21,"column":45}},"loc":{"start":{"line":21,"column":63},"end":{"line":39,"column":null}},"line":21}},"branchMap":{"0":{"loc":{"start":{"line":4,"column":9},"end":{"line":4,"column":null}},"type":"binary-expr","locations":[{"start":{"line":4,"column":9},"end":{"line":4,"column":35}},{"start":{"line":4,"column":35},"end":{"line":4,"column":61}},{"start":{"line":4,"column":61},"end":{"line":4,"column":87}},{"start":{"line":4,"column":87},"end":{"line":4,"column":null}}],"line":4},"1":{"loc":{"start":{"line":8,"column":2},"end":{"line":8,"column":null}},"type":"if","locations":[{"start":{"line":8,"column":2},"end":{"line":8,"column":null}},{"start":{},"end":{}}],"line":8},"2":{"loc":{"start":{"line":24,"column":2},"end":{"line":29,"column":null}},"type":"if","locations":[{"start":{"line":24,"column":2},"end":{"line":29,"column":null}},{"start":{},"end":{}}],"line":24},"3":{"loc":{"start":{"line":25,"column":4},"end":{"line":27,"column":null}},"type":"if","locations":[{"start":{"line":25,"column":4},"end":{"line":27,"column":null}},{"start":{},"end":{}}],"line":25},"4":{"loc":{"start":{"line":31,"column":15},"end":{"line":31,"column":null}},"type":"binary-expr","locations":[{"start":{"line":31,"column":15},"end":{"line":31,"column":40}},{"start":{"line":31,"column":40},"end":{"line":31,"column":null}}],"line":31}},"s":{"0":0,"1":0,"2":0,"3":0,"4":0,"5":0,"6":0,"7":0,"8":0,"9":0,"10":0},"f":{"0":0,"1":0,"2":0},"b":{"0":[0,0,0,0],"1":[0,0],"2":[0,0],"3":[0,0],"4":[0,0]},"meta":{"lastBranch":5,"lastFunction":3,"lastStatement":11,"seen":{"f:3:9:3:29":0,"s:4:2:4:Infinity":0,"b:4:9:4:35:4:35:4:61:4:61:4:87:4:87:4:Infinity":0,"f:7:16:7:36":1,"b:8:2:8:Infinity:undefined:undefined:undefined:undefined":1,"s:8:2:8:Infinity":1,"s:8:27:8:Infinity":2,"s:10:2:18:Infinity":3,"f:21:22:21:45":2,"s:22:22:22:Infinity":4,"b:24:2:29:Infinity:undefined:undefined:undefined:undefined":2,"s:24:2:29:Infinity":5,"b:25:4:27:Infinity:undefined:undefined:undefined:undefined":3,"s:25:4:27:Infinity":6,"s:26:6:26:Infinity":7,"s:28:4:28:Infinity":8,"s:31:15:31:Infinity":9,"b:31:15:31:40:31:40:31:Infinity":4,"s:32:2:38:Infinity":10}}}
,"D:\\Imp Docs\\AdvanceDev\\OpenSourceContributions\\NPMChat\\backend\\lib\\runtime.js": {"path":"D:\\Imp Docs\\AdvanceDev\\OpenSourceContributions\\NPMChat\\backend\\lib\\runtime.js","statementMap":{"0":{"start":{"line":8,"column":2},"end":{"line":11,"column":3}},"1":{"start":{"line":21,"column":15},"end":{"line":21,"column":32}},"2":{"start":{"line":22,"column":2},"end":{"line":24,"column":3}},"3":{"start":{"line":23,"column":4},"end":{"line":23,"column":22}},"4":{"start":{"line":25,"column":2},"end":{"line":25,"column":13}},"5":{"start":{"line":33,"column":2},"end":{"line":33,"column":33}},"6":{"start":{"line":33,"column":18},"end":{"line":33,"column":33}},"7":{"start":{"line":34,"column":2},"end":{"line":34,"column":74}},"8":{"start":{"line":34,"column":59},"end":{"line":34,"column":74}},"9":{"start":{"line":35,"column":2},"end":{"line":35,"column":89}},"10":{"start":{"line":35,"column":73},"end":{"line":35,"column":89}},"11":{"start":{"line":36,"column":2},"end":{"line":36,"column":47}},"12":{"start":{"line":36,"column":32},"end":{"line":36,"column":47}},"13":{"start":{"line":39,"column":2},"end":{"line":45,"column":3}},"14":{"start":{"line":40,"column":4},"end":{"line":42,"column":5}},"15":{"start":{"line":41,"column":6},"end":{"line":41,"column":21}},"16":{"start":{"line":47,"column":2},"end":{"line":47,"column":16}}},"fnMap":{"0":{"name":"isVercel","decl":{"start":{"line":7,"column":16},"end":{"line":7,"column":24}},"loc":{"start":{"line":7,"column":27},"end":{"line":12,"column":1}},"line":7},"1":{"name":"parsePort","decl":{"start":{"line":20,"column":16},"end":{"line":20,"column":25}},"loc":{"start":{"line":20,"column":51},"end":{"line":26,"column":1}},"line":20},"2":{"name":"getPlatform","decl":{"start":{"line":32,"column":16},"end":{"line":32,"column":27}},"loc":{"start":{"line":32,"column":30},"end":{"line":48,"column":1}},"line":32}},"branchMap":{"0":{"loc":{"start":{"line":9,"column":4},"end":{"line":10,"column":40}},"type":"binary-expr","locations":[{"start":{"line":9,"column":4},"end":{"line":9,"column":30}},{"start":{"line":10,"column":4},"end":{"line":10,"column":40}}],"line":9},"1":{"loc":{"start":{"line":20,"column":31},"end":{"line":20,"column":49}},"type":"default-arg","locations":[{"start":{"line":20,"column":45},"end":{"line":20,"column":49}}],"line":20},"2":{"loc":{"start":{"line":22,"column":2},"end":{"line":24,"column":3}},"type":"if","locations":[{"start":{"line":22,"column":2},"end":{"line":24,"column":3}},{"start":{},"end":{}}],"line":22},"3":{"loc":{"start":{"line":22,"column":6},"end":{"line":22,"column":45}},"type":"binary-expr","locations":[{"start":{"line":22,"column":6},"end":{"line":22,"column":17}},{"start":{"line":22,"column":21},"end":{"line":22,"column":29}},{"start":{"line":22,"column":33},"end":{"line":22,"column":45}}],"line":22},"4":{"loc":{"start":{"line":33,"column":2},"end":{"line":33,"column":33}},"type":"if","locations":[{"start":{"line":33,"column":2},"end":{"line":33,"column":33}},{"start":{},"end":{}}],"line":33},"5":{"loc":{"start":{"line":34,"column":2},"end":{"line":34,"column":74}},"type":"if","locations":[{"start":{"line":34,"column":2},"end":{"line":34,"column":74}},{"start":{},"end":{}}],"line":34},"6":{"loc":{"start":{"line":34,"column":6},"end":{"line":34,"column":57}},"type":"binary-expr","locations":[{"start":{"line":34,"column":6},"end":{"line":34,"column":35}},{"start":{"line":34,"column":39},"end":{"line":34,"column":57}}],"line":34},"7":{"loc":{"start":{"line":35,"column":2},"end":{"line":35,"column":89}},"type":"if","locations":[{"start":{"line":35,"column":2},"end":{"line":35,"column":89}},{"start":{},"end":{}}],"line":35},"8":{"loc":{"start":{"line":35,"column":6},"end":{"line":35,"column":71}},"type":"binary-expr","locations":[{"start":{"line":35,"column":6},"end":{"line":35,"column":37}},{"start":{"line":35,"column":41},"end":{"line":35,"column":71}}],"line":35},"9":{"loc":{"start":{"line":36,"column":2},"end":{"line":36,"column":47}},"type":"if","locations":[{"start":{"line":36,"column":2},"end":{"line":36,"column":47}},{"start":{},"end":{}}],"line":36},"10":{"loc":{"start":{"line":40,"column":4},"end":{"line":42,"column":5}},"type":"if","locations":[{"start":{"line":40,"column":4},"end":{"line":42,"column":5}},{"start":{},"end":{}}],"line":40}},"s":{"0":13,"1":3,"2":3,"3":2,"4":1,"5":6,"6":1,"7":5,"8":1,"9":4,"10":1,"11":3,"12":1,"13":2,"14":2,"15":1,"16":1},"f":{"0":13,"1":3,"2":6},"b":{"0":[13,11],"1":[3],"2":[2,1],"3":[3,2,1],"4":[1,5],"5":[1,4],"6":[5,4],"7":[1,3],"8":[4,3],"9":[1,2],"10":[1,1]},"meta":{"lastBranch":11,"lastFunction":3,"lastStatement":17,"seen":{"f:7:16:7:24":0,"s:8:2:11:3":0,"b:9:4:9:30:10:4:10:40":0,"f:20:16:20:25":1,"b:20:45:20:49":1,"s:21:15:21:32":1,"b:22:2:24:3:undefined:undefined:undefined:undefined":2,"s:22:2:24:3":2,"b:22:6:22:17:22:21:22:29:22:33:22:45":3,"s:23:4:23:22":3,"s:25:2:25:13":4,"f:32:16:32:27":2,"b:33:2:33:33:undefined:undefined:undefined:undefined":4,"s:33:2:33:33":5,"s:33:18:33:33":6,"b:34:2:34:74:undefined:undefined:undefined:undefined":5,"s:34:2:34:74":7,"b:34:6:34:35:34:39:34:57":6,"s:34:59:34:74":8,"b:35:2:35:89:undefined:undefined:undefined:undefined":7,"s:35:2:35:89":9,"b:35:6:35:37:35:41:35:71":8,"s:35:73:35:89":10,"b:36:2:36:47:undefined:undefined:undefined:undefined":9,"s:36:2:36:47":11,"s:36:32:36:47":12,"s:39:2:45:3":13,"b:40:4:42:5:undefined:undefined:undefined:undefined":10,"s:40:4:42:5":14,"s:41:6:41:21":15,"s:47:2:47:16":16}}}
,"D:\\Imp Docs\\AdvanceDev\\OpenSourceContributions\\NPMChat\\backend\\lib\\utils.js": {"path":"D:\\Imp Docs\\AdvanceDev\\OpenSourceContributions\\NPMChat\\backend\\lib\\utils.js","statementMap":{"0":{"start":{"line":4,"column":2},"end":{"line":6,"column":3}},"1":{"start":{"line":5,"column":4},"end":{"line":5,"column":62}},"2":{"start":{"line":8,"column":16},"end":{"line":10,"column":4}},"3":{"start":{"line":12,"column":2},"end":{"line":12,"column":14}}},"fnMap":{"0":{"name":"generateToken","decl":{"start":{"line":3,"column":16},"end":{"line":3,"column":29}},"loc":{"start":{"line":3,"column":38},"end":{"line":13,"column":1}},"line":3}},"branchMap":{"0":{"loc":{"start":{"line":4,"column":2},"end":{"line":6,"column":3}},"type":"if","locations":[{"start":{"line":4,"column":2},"end":{"line":6,"column":3}},{"start":{},"end":{}}],"line":4}},"s":{"0":10,"1":1,"2":9,"3":9},"f":{"0":10},"b":{"0":[1,9]},"meta":{"lastBranch":1,"lastFunction":1,"lastStatement":4,"seen":{"f:3:16:3:29":0,"b:4:2:6:3:undefined:undefined:undefined:undefined":0,"s:4:2:6:3":0,"s:5:4:5:62":1,"s:8:16:10:4":2,"s:12:2:12:14":3}}}
,"D:\\Imp Docs\\AdvanceDev\\OpenSourceContributions\\NPMChat\\backend\\lib\\verifyRecaptcha.js": {"path":"D:\\Imp Docs\\AdvanceDev\\OpenSourceContributions\\NPMChat\\backend\\lib\\verifyRecaptcha.js","statementMap":{"0":{"start":{"line":1,"column":31},"end":{"line":24,"column":1}},"1":{"start":{"line":2,"column":2},"end":{"line":23,"column":3}},"2":{"start":{"line":3,"column":21},"end":{"line":15,"column":5}},"3":{"start":{"line":17,"column":17},"end":{"line":17,"column":38}},"4":{"start":{"line":19,"column":4},"end":{"line":19,"column":23}},"5":{"start":{"line":21,"column":4},"end":{"line":21,"column":58}},"6":{"start":{"line":22,"column":4},"end":{"line":22,"column":16}}},"fnMap":{"0":{"name":"(anonymous_0)","decl":{"start":{"line":1,"column":31},"end":{"line":1,"column":36}},"loc":{"start":{"line":1,"column":48},"end":{"line":24,"column":1}},"line":1}},"branchMap":{},"s":{"0":5,"1":0,"2":0,"3":0,"4":0,"5":0,"6":0},"f":{"0":0},"b":{},"meta":{"lastBranch":0,"lastFunction":1,"lastStatement":7,"seen":{"s:1:31:24:1":0,"f:1:31:1:36":0,"s:2:2:23:3":1,"s:3:21:15:5":2,"s:17:17:17:38":3,"s:19:4:19:23":4,"s:21:4:21:58":5,"s:22:4:22:16":6}}}
,"D:\\Imp Docs\\AdvanceDev\\OpenSourceContributions\\NPMChat\\backend\\middleware\\auth.js": {"path":"D:\\Imp Docs\\AdvanceDev\\OpenSourceContributions\\NPMChat\\backend\\middleware\\auth.js","statementMap":{"0":{"start":{"line":4,"column":28},"end":{"line":23,"column":1}},"1":{"start":{"line":5,"column":16},"end":{"line":5,"column":56}},"2":{"start":{"line":7,"column":2},"end":{"line":9,"column":3}},"3":{"start":{"line":8,"column":4},"end":{"line":8,"column":72}},"4":{"start":{"line":11,"column":2},"end":{"line":22,"column":3}},"5":{"start":{"line":12,"column":20},"end":{"line":12,"column":61}},"6":{"start":{"line":13,"column":17},"end":{"line":13,"column":68}},"7":{"start":{"line":14,"column":4},"end":{"line":16,"column":5}},"8":{"start":{"line":15,"column":6},"end":{"line":15,"column":80}},"9":{"start":{"line":17,"column":4},"end":{"line":17,"column":19}},"10":{"start":{"line":18,"column":4},"end":{"line":18,"column":10}},"11":{"start":{"line":20,"column":4},"end":{"line":20,"column":54}},"12":{"start":{"line":21,"column":4},"end":{"line":21,"column":69}}},"fnMap":{"0":{"name":"(anonymous_0)","decl":{"start":{"line":4,"column":28},"end":{"line":4,"column":33}},"loc":{"start":{"line":4,"column":54},"end":{"line":23,"column":1}},"line":4}},"branchMap":{"0":{"loc":{"start":{"line":7,"column":2},"end":{"line":9,"column":3}},"type":"if","locations":[{"start":{"line":7,"column":2},"end":{"line":9,"column":3}},{"start":{},"end":{}}],"line":7},"1":{"loc":{"start":{"line":14,"column":4},"end":{"line":16,"column":5}},"type":"if","locations":[{"start":{"line":14,"column":4},"end":{"line":16,"column":5}},{"start":{},"end":{}}],"line":14}},"s":{"0":5,"1":11,"2":11,"3":1,"4":10,"5":10,"6":10,"7":9,"8":0,"9":9,"10":9,"11":1,"12":1},"f":{"0":11},"b":{"0":[1,10],"1":[0,9]},"meta":{"lastBranch":2,"lastFunction":1,"lastStatement":13,"seen":{"s:4:28:23:1":0,"f:4:28:4:33":0,"s:5:16:5:56":1,"b:7:2:9:3:undefined:undefined:undefined:undefined":0,"s:7:2:9:3":2,"s:8:4:8:72":3,"s:11:2:22:3":4,"s:12:20:12:61":5,"s:13:17:13:68":6,"b:14:4:16:5:undefined:undefined:undefined:undefined":1,"s:14:4:16:5":7,"s:15:6:15:80":8,"s:17:4:17:19":9,"s:18:4:18:10":10,"s:20:4:20:54":11,"s:21:4:21:69":12}}}
,"D:\\Imp Docs\\AdvanceDev\\OpenSourceContributions\\NPMChat\\backend\\middleware\\validate.middleware.js": {"path":"D:\\Imp Docs\\AdvanceDev\\OpenSourceContributions\\NPMChat\\backend\\middleware\\validate.middleware.js","statementMap":{"0":{"start":{"line":1,"column":28},"end":{"line":17,"column":null}},"1":{"start":{"line":1,"column":40},"end":{"line":17,"column":null}},"2":{"start":{"line":2,"column":17},"end":{"line":2,"column":43}},"3":{"start":{"line":4,"column":2},"end":{"line":13,"column":3}},"4":{"start":{"line":5,"column":4},"end":{"line":12,"column":6}},"5":{"start":{"line":8,"column":48},"end":{"line":11,"column":7}},"6":{"start":{"line":15,"column":2},"end":{"line":15,"column":24}},"7":{"start":{"line":16,"column":2},"end":{"line":16,"column":8}}},"fnMap":{"0":{"name":"(anonymous_0)","decl":{"start":{"line":1,"column":28},"end":{"line":1,"column":29}},"loc":{"start":{"line":1,"column":40},"end":{"line":17,"column":null}},"line":1},"1":{"name":"(anonymous_1)","decl":{"start":{"line":1,"column":40},"end":{"line":1,"column":41}},"loc":{"start":{"line":1,"column":60},"end":{"line":17,"column":null}},"line":1},"2":{"name":"(anonymous_2)","decl":{"start":{"line":8,"column":38},"end":{"line":8,"column":39}},"loc":{"start":{"line":8,"column":48},"end":{"line":11,"column":7}},"line":8}},"branchMap":{"0":{"loc":{"start":{"line":4,"column":2},"end":{"line":13,"column":3}},"type":"if","locations":[{"start":{"line":4,"column":2},"end":{"line":13,"column":3}},{"start":{},"end":{}}],"line":4}},"s":{"0":5,"1":20,"2":14,"3":14,"4":1,"5":2,"6":13,"7":13},"f":{"0":20,"1":14,"2":2},"b":{"0":[1,13]},"meta":{"lastBranch":1,"lastFunction":3,"lastStatement":8,"seen":{"s:1:28:17:Infinity":0,"f:1:28:1:29":0,"s:1:40:17:Infinity":1,"f:1:40:1:41":1,"s:2:17:2:43":2,"b:4:2:13:3:undefined:undefined:undefined:undefined":0,"s:4:2:13:3":3,"s:5:4:12:6":4,"f:8:38:8:39":2,"s:8:48:11:7":5,"s:15:2:15:24":6,"s:16:2:16:8":7}}}
,"D:\\Imp Docs\\AdvanceDev\\OpenSourceContributions\\NPMChat\\backend\\models\\Message.js": {"path":"D:\\Imp Docs\\AdvanceDev\\OpenSourceContributions\\NPMChat\\backend\\models\\Message.js","statementMap":{"0":{"start":{"line":3,"column":22},"end":{"line":31,"column":1}},"1":{"start":{"line":33,"column":16},"end":{"line":33,"column":56}}},"fnMap":{},"branchMap":{},"s":{"0":5,"1":5},"f":{},"b":{},"meta":{"lastBranch":0,"lastFunction":0,"lastStatement":2,"seen":{"s:3:22:31:1":0,"s:33:16:33:56":1}}}
,"D:\\Imp Docs\\AdvanceDev\\OpenSourceContributions\\NPMChat\\backend\\models\\User.js": {"path":"D:\\Imp Docs\\AdvanceDev\\OpenSourceContributions\\NPMChat\\backend\\models\\User.js","statementMap":{"0":{"start":{"line":3,"column":19},"end":{"line":42,"column":null}},"1":{"start":{"line":44,"column":13},"end":{"line":44,"column":null}}},"fnMap":{},"branchMap":{},"s":{"0":5,"1":5},"f":{},"b":{},"meta":{"lastBranch":0,"lastFunction":0,"lastStatement":2,"seen":{"s:3:19:42:Infinity":0,"s:44:13:44:Infinity":1}}}
,"D:\\Imp Docs\\AdvanceDev\\OpenSourceContributions\\NPMChat\\backend\\routes\\message.routes.js": {"path":"D:\\Imp Docs\\AdvanceDev\\OpenSourceContributions\\NPMChat\\backend\\routes\\message.routes.js","statementMap":{"0":{"start":{"line":10,"column":22},"end":{"line":10,"column":38}},"1":{"start":{"line":12,"column":0},"end":{"line":12,"column":55}},"2":{"start":{"line":13,"column":0},"end":{"line":13,"column":56}},"3":{"start":{"line":14,"column":0},"end":{"line":14,"column":79}},"4":{"start":{"line":15,"column":0},"end":{"line":15,"column":66}}},"fnMap":{},"branchMap":{},"s":{"0":5,"1":5,"2":5,"3":5,"4":5},"f":{},"b":{},"meta":{"lastBranch":0,"lastFunction":0,"lastStatement":5,"seen":{"s:10:22:10:38":0,"s:12:0:12:55":1,"s:13:0:13:56":2,"s:14:0:14:79":3,"s:15:0:15:66":4}}}
,"D:\\Imp Docs\\AdvanceDev\\OpenSourceContributions\\NPMChat\\backend\\routes\\user.routes.js": {"path":"D:\\Imp Docs\\AdvanceDev\\OpenSourceContributions\\NPMChat\\backend\\routes\\user.routes.js","statementMap":{"0":{"start":{"line":19,"column":19},"end":{"line":19,"column":null}},"1":{"start":{"line":21,"column":0},"end":{"line":21,"column":null}},"2":{"start":{"line":22,"column":0},"end":{"line":22,"column":null}},"3":{"start":{"line":23,"column":0},"end":{"line":23,"column":null}},"4":{"start":{"line":24,"column":0},"end":{"line":24,"column":null}},"5":{"start":{"line":25,"column":0},"end":{"line":25,"column":null}},"6":{"start":{"line":26,"column":0},"end":{"line":26,"column":null}}},"fnMap":{},"branchMap":{},"s":{"0":5,"1":5,"2":5,"3":5,"4":5,"5":5,"6":5},"f":{},"b":{},"meta":{"lastBranch":0,"lastFunction":0,"lastStatement":7,"seen":{"s:19:19:19:Infinity":0,"s:21:0:21:Infinity":1,"s:22:0:22:Infinity":2,"s:23:0:23:Infinity":3,"s:24:0:24:Infinity":4,"s:25:0:25:Infinity":5,"s:26:0:26:Infinity":6}}}
,"D:\\Imp Docs\\AdvanceDev\\OpenSourceContributions\\NPMChat\\backend\\schemas\\user.schema.js": {"path":"D:\\Imp Docs\\AdvanceDev\\OpenSourceContributions\\NPMChat\\backend\\schemas\\user.schema.js","statementMap":{"0":{"start":{"line":3,"column":6},"end":{"line":6,"column":null}},"1":{"start":{"line":8,"column":28},"end":{"line":23,"column":null}},"2":{"start":{"line":25,"column":27},"end":{"line":33,"column":null}},"3":{"start":{"line":35,"column":36},"end":{"line":41,"column":null}},"4":{"start":{"line":43,"column":35},"end":{"line":48,"column":null}}},"fnMap":{},"branchMap":{"0":{"loc":{"start":{"line":3,"column":6},"end":{"line":6,"column":null}},"type":"cond-expr","locations":[{"start":{"line":5,"column":6},"end":{"line":5,"column":null}},{"start":{"line":6,"column":6},"end":{"line":6,"column":null}}],"line":3}},"s":{"0":5,"1":5,"2":5,"3":5,"4":5},"f":{},"b":{"0":[5,0]},"meta":{"lastBranch":1,"lastFunction":0,"lastStatement":5,"seen":{"s:3:6:6:Infinity":0,"b:5:6:5:Infinity:6:6:6:Infinity":0,"s:8:28:23:Infinity":1,"s:25:27:33:Infinity":2,"s:35:36:41:Infinity":3,"s:43:35:48:Infinity":4}}}
}
